Flutter crash report; please file at https://github.com/flutter/flutter/issues.

## command

flutter --no-color packages get

## exception

YamlException: Error on line 378, column 3: Expected a key while parsing a block mapping.
  fonts:
  ^

```
#0      Parser._parseBlockMappingKey (package:yaml/src/parser.dart:448)
#1      Parser._stateMachine (package:yaml/src/parser.dart:86)
#2      Parser.parse (package:yaml/src/parser.dart:47)
#3      Loader._loadMapping (package:yaml/src/loader.dart:171)
#4      Loader._loadNode (package:yaml/src/loader.dart:86)
#5      Loader._loadDocument (package:yaml/src/loader.dart:62)
#6      Loader.load (package:yaml/src/loader.dart:54)
#7      loadYamlDocument (package:yaml/yaml.dart:51)
#8      loadYamlNode (package:yaml/yaml.dart:42)
#9      loadYaml (package:yaml/yaml.dart:34)
#10     _pluginFromPubspec (package:flutter_tools/src/plugins.dart:52)
#11     _findPlugins.<anonymous closure> (package:flutter_tools/src/plugins.dart:75)
#12     _HashVMBase&MapMixin&&_LinkedHashMapMixin.forEach (dart:collection-patch/dart:collection/compact_hash.dart:363)
#13     _findPlugins (package:flutter_tools/src/plugins.dart:73)
#14     injectPlugins (package:flutter_tools/src/plugins.dart:238)
#15     FlutterProject.ensureReadyForPlatformSpecificTooling (package:flutter_tools/src/project.dart:62)
#16     PackagesGetCommand.runCommand (package:flutter_tools/src/commands/packages.dart:80)
<asynchronous suspension>
#17     FlutterCommand.verifyThenRunCommand (package:flutter_tools/src/runner/flutter_command.dart:333)
<asynchronous suspension>
#18     FlutterCommand.run.<anonymous closure> (package:flutter_tools/src/runner/flutter_command.dart:270)
<asynchronous suspension>
#19     AppContext.run.<anonymous closure> (package:flutter_tools/src/base/context.dart:142)
<asynchronous suspension>
#20     _rootRun (dart:async/zone.dart:1126)
#21     _CustomZone.run (dart:async/zone.dart:1023)
#22     runZoned (dart:async/zone.dart:1501)
#23     AppContext.run (package:flutter_tools/src/base/context.dart:141)
<asynchronous suspension>
#24     FlutterCommand.run (package:flutter_tools/src/runner/flutter_command.dart:261)
#25     CommandRunner.runCommand (package:args/command_runner.dart:194)
<asynchronous suspension>
#26     FlutterCommandRunner.runCommand.<anonymous closure> (package:flutter_tools/src/runner/flutter_command_runner.dart:309)
<asynchronous suspension>
#27     AppContext.run.<anonymous closure> (package:flutter_tools/src/base/context.dart:142)
<asynchronous suspension>
#28     _rootRun (dart:async/zone.dart:1126)
#29     _CustomZone.run (dart:async/zone.dart:1023)
#30     runZoned (dart:async/zone.dart:1501)
#31     AppContext.run (package:flutter_tools/src/base/context.dart:141)
<asynchronous suspension>
#32     FlutterCommandRunner.runCommand (package:flutter_tools/src/runner/flutter_command_runner.dart:265)
<asynchronous suspension>
#33     CommandRunner.run.<anonymous closure> (package:args/command_runner.dart:109)
#34     new Future.sync (dart:async/future.dart:224)
#35     CommandRunner.run (package:args/command_runner.dart:109)
#36     FlutterCommandRunner.run (package:flutter_tools/src/runner/flutter_command_runner.dart:174)
#37     run.<anonymous closure> (package:flutter_tools/runner.dart:54)
<asynchronous suspension>
#38     AppContext.run.<anonymous closure> (package:flutter_tools/src/base/context.dart:142)
<asynchronous suspension>
#39     _rootRun (dart:async/zone.dart:1126)
#40     _CustomZone.run (dart:async/zone.dart:1023)
#41     runZoned (dart:async/zone.dart:1501)
#42     AppContext.run (package:flutter_tools/src/base/context.dart:141)
<asynchronous suspension>
#43     runInContext (package:flutter_tools/src/context_runner.dart:41)
<asynchronous suspension>
#44     run (package:flutter_tools/runner.dart:49)
#45     main (package:flutter_tools/executable.dart:48)
<asynchronous suspension>
#46     main (file:///Users/huangbaole/work/learn_space/flutter/flutter/packages/flutter_tools/bin/flutter_tools.dart:8)
#47     _startIsolate.<anonymous closure> (dart:isolate-patch/dart:isolate/isolate_patch.dart:277)
#48     _RawReceivePortImpl._handleMessage (dart:isolate-patch/dart:isolate/isolate_patch.dart:165)
```

## flutter doctor

```
[✓] Flutter (Channel beta, v0.3.1, on Mac OS X 10.12.6 16G1114, locale zh-Hans-CN)
    • Flutter version 0.3.1 at /Users/huangbaole/work/learn_space/flutter/flutter
    • Framework revision 12bbaba9ae (2 weeks ago), 2018-04-19 23:36:15 -0700
    • Engine revision 09d05a3891
    • Dart version 2.0.0-dev.48.0.flutter-fe606f890b

[!] Android toolchain - develop for Android devices (Android SDK 27.0.2)
    • Android SDK at /Users/huangbaole/work/android_sdk/android-sdk-windowss
    • Android NDK at /Users/huangbaole/work/android_sdk/android-sdk-windowss/ndk-bundle
    • Platform android-27, build-tools 27.0.2
    • Java binary at: /Applications/Android Studio.app/Contents/jre/jdk/Contents/Home/bin/java
    • Java version OpenJDK Runtime Environment (build 1.8.0_152-release-915-b08)
    ! Some Android licenses not accepted.  To resolve this, run: flutter doctor --android-licenses

[!] iOS toolchain - develop for iOS devices (Xcode 9.2)
    • Xcode at /Applications/Xcode.app/Contents/Developer
    • Xcode 9.2, Build version 9C40b
    ✗ libimobiledevice and ideviceinstaller are not installed. To install, run:
        brew install --HEAD libimobiledevice
        brew install ideviceinstaller
    ✗ ios-deploy not installed. To install:
        brew install ios-deploy
    • CocoaPods version 1.4.0

[✓] Android Studio
    • Android Studio at /Applications/Android Studio 3.1 Preview.app/Contents
    ✗ Flutter plugin not installed; this adds Flutter specific functionality.
    ✗ Dart plugin not installed; this adds Dart specific functionality.
    • Java version OpenJDK Runtime Environment (build 1.8.0_152-release-1024-b01)

[✓] Android Studio (version 3.0)
    • Android Studio at /Applications/Android Studio.app/Contents
    • Flutter plugin version 22.0.1
    • Dart plugin version 171.4424
    • Java version OpenJDK Runtime Environment (build 1.8.0_152-release-915-b08)

[✓] VS Code (version 1.22.2)
    • VS Code at /Applications/Visual Studio Code.app/Contents
    • Dart Code extension version 2.11.2

[✓] Connected devices (1 available)
    • Mi Note 3 • c3a9aaee • android-arm64 • Android 7.1.1 (API 25)

! Doctor found issues in 2 categories.
```
